Usage: <main class> [options]
  Options:
    --version, -version
       Displays the version and exits.
       Default: false
    -browserTimeout
       <Integer> in seconds : number of seconds a browser session is allowed to
       hang while a WebDriver command is running (example: driver.get(url)). If the
       timeout is reached while a WebDriver command is still processing, the session
       will quit. Minimum value is 60. An unspecified, zero, or negative value means
       wait indefinitely.
       Default: 0
    -debug
       <Boolean> : enables LogLevel.FINE.
       Default: false
    -enablePassThrough
       <Boolean>: Whether or not to use the experimental passthrough mode.
       Defaults to true.
       Default: true
    -jettyThreads, -jettyMaxThreads
       <Integer> : max number of threads for Jetty. An unspecified, zero, or
       negative value means the Jetty default value (200) will be used.
    -log
       <String> filename : the filename to use for logging. If omitted, will log
       to STDOUT
    -port
       <Integer> : the port number the server will use.
       Default: 4444
    -role
       <String> options are [hub], [node], or [standalone].
       Default: standalone
    -timeout, -sessionTimeout
       <Integer> in seconds : Specifies the timeout before the server
       automatically kills a session that hasn't had any activity in the last X seconds. The
       test slot will then be released for another test to use. This is typically
       used to take care of client crashes. For grid hub/node roles, cleanUpCycle
       must also be set.
       Default: 1800

12:08:22.301 INFO - Selenium build info: version: '3.5.2', revision: '10229a9020'
12:08:22.302 INFO - Launching a standalone Selenium Server
2017-08-30 12:08:22.316:INFO::main: Logging initialized @183ms to org.seleniumhq.jetty9.util.log.StdErrLog
12:08:22.356 INFO - Driver class not found: com.opera.core.systems.OperaDriver
12:08:22.378 INFO - Driver provider class org.openqa.selenium.ie.InternetExplorerDriver registration is skipped:
 registration capabilities Capabilities [{ensureCleanSession=true, browserName=internet explorer, version=, platform=WINDOWS}] does not match the current platform LINUX
12:08:22.378 INFO - Driver provider class org.openqa.selenium.edge.EdgeDriver registration is skipped:
 registration capabilities Capabilities [{browserName=MicrosoftEdge, version=, platform=WINDOWS}] does not match the current platform LINUX
12:08:22.378 INFO - Driver provider class org.openqa.selenium.safari.SafariDriver registration is skipped:
 registration capabilities Capabilities [{browserName=safari, version=, platform=MAC}] does not match the current platform LINUX
12:08:22.398 INFO - Using the passthrough mode handler
2017-08-30 12:08:22.417:INFO:osjs.Server:main: jetty-9.4.5.v20170502
2017-08-30 12:08:22.437:WARN:osjs.SecurityHandler:main: ServletContext@o.s.j.s.ServletContextHandler@2b2948e2{/,null,STARTING} has uncovered http methods for path: /
2017-08-30 12:08:22.442:INFO:osjsh.ContextHandler:main: Started o.s.j.s.ServletContextHandler@2b2948e2{/,null,AVAILABLE}
java.lang.RuntimeException: java.net.BindException: Address already in use
	at org.openqa.selenium.remote.server.SeleniumServer.boot(SeleniumServer.java:182)
	at org.openqa.grid.selenium.GridLauncherV3$1.launch(GridLauncherV3.java:238)
	at org.openqa.grid.selenium.GridLauncherV3.main(GridLauncherV3.java:99)
Caused by: java.net.BindException: Address already in use
	at sun.nio.ch.Net.bind0(Native Method)
	at sun.nio.ch.Net.bind(Net.java:433)
	at sun.nio.ch.Net.bind(Net.java:425)
	at sun.nio.ch.ServerSocketChannelImpl.bind(ServerSocketChannelImpl.java:223)
	at sun.nio.ch.ServerSocketAdaptor.bind(ServerSocketAdaptor.java:74)
	at org.seleniumhq.jetty9.server.ServerConnector.open(ServerConnector.java:298)
	at org.seleniumhq.jetty9.server.AbstractNetworkConnector.doStart(AbstractNetworkConnector.java:80)
	at org.seleniumhq.jetty9.server.ServerConnector.doStart(ServerConnector.java:236)
	at org.seleniumhq.jetty9.util.component.AbstractLifeCycle.start(AbstractLifeCycle.java:68)
	at org.seleniumhq.jetty9.server.Server.doStart(Server.java:431)
	at org.seleniumhq.jetty9.util.component.AbstractLifeCycle.start(AbstractLifeCycle.java:68)
	at org.openqa.selenium.remote.server.SeleniumServer.boot(SeleniumServer.java:180)
	... 2 more
